q:\github\courseproject\courseproject\x64\release\vc143.pdb
q:\github\courseproject\courseproject\x64\release\.netframework,version=v4.8.assemblyattributes.obj
q:\github\courseproject\courseproject\x64\release\mainform.obj
q:\github\courseproject\courseproject\x64\release\employee.obj
q:\github\courseproject\courseproject\x64\release\datacontrolfile.obj
q:\github\courseproject\courseproject\x64\release\createdatacontrolform.obj
q:\github\courseproject\x64\release\courseproject.exe
q:\github\courseproject\x64\release\courseproject.pdb
q:\github\courseproject\courseproject\x64\release\courseproject.res
q:\github\courseproject\courseproject\x64\release\courseproject.tlog\cl.command.1.tlog
q:\github\courseproject\courseproject\x64\release\courseproject.tlog\cl.read.1.tlog
q:\github\courseproject\courseproject\x64\release\courseproject.tlog\cl.write.1.tlog
q:\github\courseproject\courseproject\x64\release\courseproject.tlog\link.command.1.tlog
q:\github\courseproject\courseproject\x64\release\courseproject.tlog\link.read.1.tlog
q:\github\courseproject\courseproject\x64\release\courseproject.tlog\link.write.1.tlog
q:\github\courseproject\courseproject\x64\release\courseproject.tlog\metagen.read.1.tlog
q:\github\courseproject\courseproject\x64\release\courseproject.tlog\metagen.write.1.tlog
q:\github\courseproject\courseproject\x64\release\courseproject.tlog\rc.command.1.tlog
q:\github\courseproject\courseproject\x64\release\courseproject.tlog\rc.read.1.tlog
q:\github\courseproject\courseproject\x64\release\courseproject.tlog\rc.write.1.tlog
q:\github\courseproject\courseproject\x64\release\courseproject.tlog\resgen.command.1.tlog
q:\github\courseproject\courseproject\x64\release\courseproject.tlog\resgen.read.1.tlog
q:\github\courseproject\courseproject\x64\release\courseproject.tlog\resgen.write.1.tlog
